# JRE version: Java(TM) SE Runtime Environment (7.0_79-b15) (build 1.7.0_79-b15)
# Java VM: Java HotSpot(TM) Client VM (24.79-b02 mixed mode, sharing windows-x86 )
Heap
 def new generation   total 4928K, used 1154K [0x24600000, 0x24b50000, 0x29b50000)
  eden space 4416K,  26% used [0x24600000, 0x24720568, 0x24a50000)
  from space 512K,   0% used [0x24ad0000, 0x24ad0448, 0x24b50000)
  to   space 512K,   0% used [0x24a50000, 0x24a50000, 0x24ad0000)
 tenured generation   total 10944K, used 290K [0x29b50000, 0x2a600000, 0x34600000)
   the space 10944K,   2% used [0x29b50000, 0x29b98b58, 0x29b98c00, 0x2a600000)
 compacting perm gen  total 12288K, used 624K [0x34600000, 0x35200000, 0x38600000)
   the space 12288K,   5% used [0x34600000, 0x3469c310, 0x3469c400, 0x35200000)
    ro space 10240K,  44% used [0x38600000, 0x38a7c1d8, 0x38a7c200, 0x39000000)
    rw space 12288K,  52% used [0x39000000, 0x396440c0, 0x39644200, 0x39c00000)
GC Heap History (10 events):
Event: 25.813 GC heap before
{Heap before GC invocations=2 (full 0):
 def new generation   total 4928K, used 4416K [0x24600000, 0x24b50000, 0x29b50000)
  eden space 4416K, 100% used [0x24600000, 0x24a50000, 0x24a50000)
  from space 512K,   0% used [0x24a50000, 0x24a500f8, 0x24ad0000)
  to   space 512K,   0% used [0x24ad0000, 0x24ad0000, 0x24b50000)
 tenured generation   total 10944K, used 290K [0x29b50000, 0x2a600000, 0x34600000)
   the space 10944K,   2% used [0x29b50000, 0x29b98b58, 0x29b98c00, 0x2a600000)
 compacting perm gen  total 12288K, used 624K [0x34600000, 0x35200000, 0x38600000)
   the space 12288K,   5% used [0x34600000, 0x3469c300, 0x3469c400, 0x35200000)
    ro space 10240K,  44% used [0x38600000, 0x38a7c1d8, 0x38a7c200, 0x39000000)
    rw space 12288K,  52% used [0x39000000, 0x396440c0, 0x39644200, 0x39c00000)
Event: 25.814 GC heap after
Heap after GC invocations=3 (full 0):
 def new generation   total 4928K, used 0K [0x24600000, 0x24b50000, 0x29b50000)
  eden space 4416K,   0% used [0x24600000, 0x24600000, 0x24a50000)
  from space 512K,   0% used [0x24ad0000, 0x24ad0110, 0x24b50000)
  to   space 512K,   0% used [0x24a50000, 0x24a50000, 0x24ad0000)
 tenured generation   total 10944K, used 290K [0x29b50000, 0x2a600000, 0x34600000)
   the space 10944K,   2% used [0x29b50000, 0x29b98b58, 0x29b98c00, 0x2a600000)
 compacting perm gen  total 12288K, used 624K [0x34600000, 0x35200000, 0x38600000)
   the space 12288K,   5% used [0x34600000, 0x3469c300, 0x3469c400, 0x35200000)
    ro space 10240K,  44% used [0x38600000, 0x38a7c1d8, 0x38a7c200, 0x39000000)
    rw space 12288K,  52% used [0x39000000, 0x396440c0, 0x39644200, 0x39c00000)
}
Event: 33.595 GC heap before
{Heap before GC invocations=3 (full 0):
 def new generation   total 4928K, used 4416K [0x24600000, 0x24b50000, 0x29b50000)
  eden space 4416K, 100% used [0x24600000, 0x24a50000, 0x24a50000)
  from space 512K,   0% used [0x24ad0000, 0x24ad0110, 0x24b50000)
  to   space 512K,   0% used [0x24a50000, 0x24a50000, 0x24ad0000)
 tenured generation   total 10944K, used 290K [0x29b50000, 0x2a600000, 0x34600000)
   the space 10944K,   2% used [0x29b50000, 0x29b98b58, 0x29b98c00, 0x2a600000)
 compacting perm gen  total 12288K, used 624K [0x34600000, 0x35200000, 0x38600000)
   the space 12288K,   5% used [0x34600000, 0x3469c300, 0x3469c400, 0x35200000)
    ro space 10240K,  44% used [0x38600000, 0x38a7c1d8, 0x38a7c200, 0x39000000)
    rw space 12288K,  52% used [0x39000000, 0x396440c0, 0x39644200, 0x39c00000)
Event: 33.595 GC heap after
Heap after GC invocations=4 (full 0):
 def new generation   total 4928K, used 0K [0x24600000, 0x24b50000, 0x29b50000)
  eden space 4416K,   0% used [0x24600000, 0x24600000, 0x24a50000)
  from space 512K,   0% used [0x24a50000, 0x24a500b8, 0x24ad0000)
  to   space 512K,   0% used [0x24ad0000, 0x24ad0000, 0x24b50000)
 tenured generation   total 10944K, used 290K [0x29b50000, 0x2a600000, 0x34600000)
   the space 10944K,   2% used [0x29b50000, 0x29b98b58, 0x29b98c00, 0x2a600000)
 compacting perm gen  total 12288K, used 624K [0x34600000, 0x35200000, 0x38600000)
   the space 12288K,   5% used [0x34600000, 0x3469c300, 0x3469c400, 0x35200000)
    ro space 10240K,  44% used [0x38600000, 0x38a7c1d8, 0x38a7c200, 0x39000000)
    rw space 12288K,  52% used [0x39000000, 0x396440c0, 0x39644200, 0x39c00000)
}
Event: 41.688 GC heap before
{Heap before GC invocations=4 (full 0):
 def new generation   total 4928K, used 4416K [0x24600000, 0x24b50000, 0x29b50000)
  eden space 4416K, 100% used [0x24600000, 0x24a50000, 0x24a50000)
  from space 512K,   0% used [0x24a50000, 0x24a500b8, 0x24ad0000)
  to   space 512K,   0% used [0x24ad0000, 0x24ad0000, 0x24b50000)
 tenured generation   total 10944K, used 290K [0x29b50000, 0x2a600000, 0x34600000)
   the space 10944K,   2% used [0x29b50000, 0x29b98b58, 0x29b98c00, 0x2a600000)
 compacting perm gen  total 12288K, used 624K [0x34600000, 0x35200000, 0x38600000)
   the space 12288K,   5% used [0x34600000, 0x3469c300, 0x3469c400, 0x35200000)
    ro space 10240K,  44% used [0x38600000, 0x38a7c1d8, 0x38a7c200, 0x39000000)
    rw space 12288K,  52% used [0x39000000, 0x396440c0, 0x39644200, 0x39c00000)
Event: 41.689 GC heap after
Heap after GC invocations=5 (full 0):
 def new generation   total 4928K, used 0K [0x24600000, 0x24b50000, 0x29b50000)
  eden space 4416K,   0% used [0x24600000, 0x24600000, 0x24a50000)
  from space 512K,   0% used [0x24ad0000, 0x24ad00f8, 0x24b50000)
  to   space 512K,   0% used [0x24a50000, 0x24a50000, 0x24ad0000)
 tenured generation   total 10944K, used 290K [0x29b50000, 0x2a600000, 0x34600000)
   the space 10944K,   2% used [0x29b50000, 0x29b98b58, 0x29b98c00, 0x2a600000)
 compacting perm gen  total 12288K, used 624K [0x34600000, 0x35200000, 0x38600000)
   the space 12288K,   5% used [0x34600000, 0x3469c300, 0x3469c400, 0x35200000)
    ro space 10240K,  44% used [0x38600000, 0x38a7c1d8, 0x38a7c200, 0x39000000)
    rw space 12288K,  52% used [0x39000000, 0x396440c0, 0x39644200, 0x39c00000)
}
Event: 49.548 GC heap before
{Heap before GC invocations=5 (full 0):
 def new generation   total 4928K, used 4416K [0x24600000, 0x24b50000, 0x29b50000)
  eden space 4416K, 100% used [0x24600000, 0x24a50000, 0x24a50000)
  from space 512K,   0% used [0x24ad0000, 0x24ad00f8, 0x24b50000)
  to   space 512K,   0% used [0x24a50000, 0x24a50000, 0x24ad0000)
 tenured generation   total 10944K, used 290K [0x29b50000, 0x2a600000, 0x34600000)
   the space 10944K,   2% used [0x29b50000, 0x29b98b58, 0x29b98c00, 0x2a600000)
 compacting perm gen  total 12288K, used 624K [0x34600000, 0x35200000, 0x38600000)
   the space 12288K,   5% used [0x34600000, 0x3469c300, 0x3469c400, 0x35200000)
    ro space 10240K,  44% used [0x38600000, 0x38a7c1d8, 0x38a7c200, 0x39000000)
    rw space 12288K,  52% used [0x39000000, 0x396440c0, 0x39644200, 0x39c00000)
Event: 49.548 GC heap after
Heap after GC invocations=6 (full 0):
 def new generation   total 4928K, used 0K [0x24600000, 0x24b50000, 0x29b50000)
  eden space 4416K,   0% used [0x24600000, 0x24600000, 0x24a50000)
  from space 512K,   0% used [0x24a50000, 0x24a500b8, 0x24ad0000)
  to   space 512K,   0% used [0x24ad0000, 0x24ad0000, 0x24b50000)
 tenured generation   total 10944K, used 290K [0x29b50000, 0x2a600000, 0x34600000)
   the space 10944K,   2% used [0x29b50000, 0x29b98b58, 0x29b98c00, 0x2a600000)
 compacting perm gen  total 12288K, used 624K [0x34600000, 0x35200000, 0x38600000)
   the space 12288K,   5% used [0x34600000, 0x3469c300, 0x3469c400, 0x35200000)
    ro space 10240K,  44% used [0x38600000, 0x38a7c1d8, 0x38a7c200, 0x39000000)
    rw space 12288K,  52% used [0x39000000, 0x396440c0, 0x39644200, 0x39c00000)
}
Event: 58.376 GC heap before
{Heap before GC invocations=6 (full 0):
 def new generation   total 4928K, used 4416K [0x24600000, 0x24b50000, 0x29b50000)
  eden space 4416K, 100% used [0x24600000, 0x24a50000, 0x24a50000)
  from space 512K,   0% used [0x24a50000, 0x24a500b8, 0x24ad0000)
  to   space 512K,   0% used [0x24ad0000, 0x24ad0000, 0x24b50000)
 tenured generation   total 10944K, used 290K [0x29b50000, 0x2a600000, 0x34600000)
   the space 10944K,   2% used [0x29b50000, 0x29b98b58, 0x29b98c00, 0x2a600000)
 compacting perm gen  total 12288K, used 624K [0x34600000, 0x35200000, 0x38600000)
   the space 12288K,   5% used [0x34600000, 0x3469c310, 0x3469c400, 0x35200000)
    ro space 10240K,  44% used [0x38600000, 0x38a7c1d8, 0x38a7c200, 0x39000000)
    rw space 12288K,  52% used [0x39000000, 0x396440c0, 0x39644200, 0x39c00000)
Event: 58.376 GC heap after
Heap after GC invocations=7 (full 0):
 def new generation   total 4928K, used 1K [0x24600000, 0x24b50000, 0x29b50000)
  eden space 4416K,   0% used [0x24600000, 0x24600000, 0x24a50000)
  from space 512K,   0% used [0x24ad0000, 0x24ad0448, 0x24b50000)
  to   space 512K,   0% used [0x24a50000, 0x24a50000, 0x24ad0000)
 tenured generation   total 10944K, used 290K [0x29b50000, 0x2a600000, 0x34600000)
   the space 10944K,   2% used [0x29b50000, 0x29b98b58, 0x29b98c00, 0x2a600000)
 compacting perm gen  total 12288K, used 624K [0x34600000, 0x35200000, 0x38600000)
   the space 12288K,   5% used [0x34600000, 0x3469c310, 0x3469c400, 0x35200000)
    ro space 10240K,  44% used [0x38600000, 0x38a7c1d8, 0x38a7c200, 0x39000000)
    rw space 12288K,  52% used [0x39000000, 0x396440c0, 0x39644200, 0x39c00000)
}

