# JRE version: Java(TM) SE Runtime Environment (7.0_79-b15) (build 1.7.0_79-b15)
# Java VM: Java HotSpot(TM) Client VM (24.79-b02 mixed mode, sharing windows-x86 )
Heap
 def new generation   total 4928K, used 3979K [0x24600000, 0x24b50000, 0x29b50000)
  eden space 4416K,  90% used [0x24600000, 0x249e2a10, 0x24a50000)
  from space 512K,   0% used [0x24a50000, 0x24a50438, 0x24ad0000)
  to   space 512K,   0% used [0x24ad0000, 0x24ad0000, 0x24b50000)
 tenured generation   total 10944K, used 290K [0x29b50000, 0x2a600000, 0x34600000)
   the space 10944K,   2% used [0x29b50000, 0x29b98b80, 0x29b98c00, 0x2a600000)
 compacting perm gen  total 12288K, used 624K [0x34600000, 0x35200000, 0x38600000)
   the space 12288K,   5% used [0x34600000, 0x3469c0b8, 0x3469c200, 0x35200000)
    ro space 10240K,  44% used [0x38600000, 0x38a7c1d8, 0x38a7c200, 0x39000000)
    rw space 12288K,  52% used [0x39000000, 0x396440c0, 0x39644200, 0x39c00000)
GC Heap History (8 events):
Event: 13.385 GC heap before
{Heap before GC invocations=0 (full 0):
 def new generation   total 4928K, used 4416K [0x24600000, 0x24b50000, 0x29b50000)
  eden space 4416K, 100% used [0x24600000, 0x24a50000, 0x24a50000)
  from space 512K,   0% used [0x24a50000, 0x24a50000, 0x24ad0000)
  to   space 512K,   0% used [0x24ad0000, 0x24ad0000, 0x24b50000)
 tenured generation   total 10944K, used 0K [0x29b50000, 0x2a600000, 0x34600000)
   the space 10944K,   0% used [0x29b50000, 0x29b50000, 0x29b50200, 0x2a600000)
 compacting perm gen  total 12288K, used 624K [0x34600000, 0x35200000, 0x38600000)
   the space 12288K,   5% used [0x34600000, 0x3469c098, 0x3469c200, 0x35200000)
    ro space 10240K,  44% used [0x38600000, 0x38a7c1d8, 0x38a7c200, 0x39000000)
    rw space 12288K,  52% used [0x39000000, 0x396440c0, 0x39644200, 0x39c00000)
Event: 13.387 GC heap after
Heap after GC invocations=1 (full 0):
 def new generation   total 4928K, used 474K [0x24600000, 0x24b50000, 0x29b50000)
  eden space 4416K,   0% used [0x24600000, 0x24600000, 0x24a50000)
  from space 512K,  92% used [0x24ad0000, 0x24b469c0, 0x24b50000)
  to   space 512K,   0% used [0x24a50000, 0x24a50000, 0x24ad0000)
 tenured generation   total 10944K, used 0K [0x29b50000, 0x2a600000, 0x34600000)
   the space 10944K,   0% used [0x29b50000, 0x29b50000, 0x29b50200, 0x2a600000)
 compacting perm gen  total 12288K, used 624K [0x34600000, 0x35200000, 0x38600000)
   the space 12288K,   5% used [0x34600000, 0x3469c098, 0x3469c200, 0x35200000)
    ro space 10240K,  44% used [0x38600000, 0x38a7c1d8, 0x38a7c200, 0x39000000)
    rw space 12288K,  52% used [0x39000000, 0x396440c0, 0x39644200, 0x39c00000)
}
Event: 26.744 GC heap before
{Heap before GC invocations=1 (full 0):
 def new generation   total 4928K, used 4890K [0x24600000, 0x24b50000, 0x29b50000)
  eden space 4416K, 100% used [0x24600000, 0x24a50000, 0x24a50000)
  from space 512K,  92% used [0x24ad0000, 0x24b469c0, 0x24b50000)
  to   space 512K,   0% used [0x24a50000, 0x24a50000, 0x24ad0000)
 tenured generation   total 10944K, used 0K [0x29b50000, 0x2a600000, 0x34600000)
   the space 10944K,   0% used [0x29b50000, 0x29b50000, 0x29b50200, 0x2a600000)
 compacting perm gen  total 12288K, used 624K [0x34600000, 0x35200000, 0x38600000)
   the space 12288K,   5% used [0x34600000, 0x3469c098, 0x3469c200, 0x35200000)
    ro space 10240K,  44% used [0x38600000, 0x38a7c1d8, 0x38a7c200, 0x39000000)
    rw space 12288K,  52% used [0x39000000, 0x396440c0, 0x39644200, 0x39c00000)
Event: 26.745 GC heap after
Heap after GC invocations=2 (full 0):
 def new generation   total 4928K, used 0K [0x24600000, 0x24b50000, 0x29b50000)
  eden space 4416K,   0% used [0x24600000, 0x24600000, 0x24a50000)
  from space 512K,   0% used [0x24a50000, 0x24a500b8, 0x24ad0000)
  to   space 512K,   0% used [0x24ad0000, 0x24ad0000, 0x24b50000)
 tenured generation   total 10944K, used 290K [0x29b50000, 0x2a600000, 0x34600000)
   the space 10944K,   2% used [0x29b50000, 0x29b98b80, 0x29b98c00, 0x2a600000)
 compacting perm gen  total 12288K, used 624K [0x34600000, 0x35200000, 0x38600000)
   the space 12288K,   5% used [0x34600000, 0x3469c098, 0x3469c200, 0x35200000)
    ro space 10240K,  44% used [0x38600000, 0x38a7c1d8, 0x38a7c200, 0x39000000)
    rw space 12288K,  52% used [0x39000000, 0x396440c0, 0x39644200, 0x39c00000)
}
Event: 39.899 GC heap before
{Heap before GC invocations=2 (full 0):
 def new generation   total 4928K, used 4416K [0x24600000, 0x24b50000, 0x29b50000)
  eden space 4416K, 100% used [0x24600000, 0x24a50000, 0x24a50000)
  from space 512K,   0% used [0x24a50000, 0x24a500b8, 0x24ad0000)
  to   space 512K,   0% used [0x24ad0000, 0x24ad0000, 0x24b50000)
 tenured generation   total 10944K, used 290K [0x29b50000, 0x2a600000, 0x34600000)
   the space 10944K,   2% used [0x29b50000, 0x29b98b80, 0x29b98c00, 0x2a600000)
 compacting perm gen  total 12288K, used 624K [0x34600000, 0x35200000, 0x38600000)
   the space 12288K,   5% used [0x34600000, 0x3469c098, 0x3469c200, 0x35200000)
    ro space 10240K,  44% used [0x38600000, 0x38a7c1d8, 0x38a7c200, 0x39000000)
    rw space 12288K,  52% used [0x39000000, 0x396440c0, 0x39644200, 0x39c00000)
Event: 39.900 GC heap after
Heap after GC invocations=3 (full 0):
 def new generation   total 4928K, used 0K [0x24600000, 0x24b50000, 0x29b50000)
  eden space 4416K,   0% used [0x24600000, 0x24600000, 0x24a50000)
  from space 512K,   0% used [0x24ad0000, 0x24ad0158, 0x24b50000)
  to   space 512K,   0% used [0x24a50000, 0x24a50000, 0x24ad0000)
 tenured generation   total 10944K, used 290K [0x29b50000, 0x2a600000, 0x34600000)
   the space 10944K,   2% used [0x29b50000, 0x29b98b80, 0x29b98c00, 0x2a600000)
 compacting perm gen  total 12288K, used 624K [0x34600000, 0x35200000, 0x38600000)
   the space 12288K,   5% used [0x34600000, 0x3469c098, 0x3469c200, 0x35200000)
    ro space 10240K,  44% used [0x38600000, 0x38a7c1d8, 0x38a7c200, 0x39000000)
    rw space 12288K,  52% used [0x39000000, 0x396440c0, 0x39644200, 0x39c00000)
}
Event: 54.977 GC heap before
{Heap before GC invocations=3 (full 0):
 def new generation   total 4928K, used 4416K [0x24600000, 0x24b50000, 0x29b50000)
  eden space 4416K, 100% used [0x24600000, 0x24a50000, 0x24a50000)
  from space 512K,   0% used [0x24ad0000, 0x24ad0158, 0x24b50000)
  to   space 512K,   0% used [0x24a50000, 0x24a50000, 0x24ad0000)
 tenured generation   total 10944K, used 290K [0x29b50000, 0x2a600000, 0x34600000)
   the space 10944K,   2% used [0x29b50000, 0x29b98b80, 0x29b98c00, 0x2a600000)
 compacting perm gen  total 12288K, used 624K [0x34600000, 0x35200000, 0x38600000)
   the space 12288K,   5% used [0x34600000, 0x3469c0a8, 0x3469c200, 0x35200000)
    ro space 10240K,  44% used [0x38600000, 0x38a7c1d8, 0x38a7c200, 0x39000000)
    rw space 12288K,  52% used [0x39000000, 0x396440c0, 0x39644200, 0x39c00000)
Event: 54.978 GC heap after
Heap after GC invocations=4 (full 0):
 def new generation   total 4928K, used 1K [0x24600000, 0x24b50000, 0x29b50000)
  eden space 4416K,   0% used [0x24600000, 0x24600000, 0x24a50000)
  from space 512K,   0% used [0x24a50000, 0x24a50438, 0x24ad0000)
  to   space 512K,   0% used [0x24ad0000, 0x24ad0000, 0x24b50000)
 tenured generation   total 10944K, used 290K [0x29b50000, 0x2a600000, 0x34600000)
   the space 10944K,   2% used [0x29b50000, 0x29b98b80, 0x29b98c00, 0x2a600000)
 compacting perm gen  total 12288K, used 624K [0x34600000, 0x35200000, 0x38600000)
   the space 12288K,   5% used [0x34600000, 0x3469c0a8, 0x3469c200, 0x35200000)
    ro space 10240K,  44% used [0x38600000, 0x38a7c1d8, 0x38a7c200, 0x39000000)
    rw space 12288K,  52% used [0x39000000, 0x396440c0, 0x39644200, 0x39c00000)
}

